(15-07-2025 14:04:13)ERROR: FALLO CONEXION AL CDSERVER--NO SE PUEDE CONTINUAR

(15-07-2025 14:04:13)ERROR: El proceso RT en modo Batch dio un error!!!!

(15-07-2025 14:04:13)ERROR: El proceso RT en modo Batch dio un error!!!!
(15-07-2025 15:00:28)ERROR: FALLO CONEXION AL CDSERVER--NO SE PUEDE CONTINUAR

(15-07-2025 15:00:28)ERROR: El proceso RT en modo Batch dio un error!!!!

(15-07-2025 15:00:28)ERROR: El proceso RT en modo Batch dio un error!!!!
(15-07-2025 18:00:28)ERROR: FALLO CONEXION AL CDSERVER--NO SE PUEDE CONTINUAR

(15-07-2025 18:00:28)ERROR: El proceso RT en modo Batch dio un error!!!!

(15-07-2025 18:00:28)ERROR: El proceso RT en modo Batch dio un error!!!!
(15-07-2025 21:00:29)ERROR: FALLO CONEXION AL CDSERVER--NO SE PUEDE CONTINUAR

(15-07-2025 21:00:29)ERROR: El proceso RT en modo Batch dio un error!!!!

(15-07-2025 21:00:29)ERROR: El proceso RT en modo Batch dio un error!!!!
(16-07-2025 00:00:27)ERROR: FALLO CONEXION AL CDSERVER--NO SE PUEDE CONTINUAR

(16-07-2025 00:00:27)ERROR: El proceso RT en modo Batch dio un error!!!!

(16-07-2025 00:00:27)ERROR: El proceso RT en modo Batch dio un error!!!!
(16-07-2025 03:00:28)ERROR: FALLO CONEXION AL CDSERVER--NO SE PUEDE CONTINUAR

(16-07-2025 03:00:28)ERROR: El proceso RT en modo Batch dio un error!!!!

(16-07-2025 03:00:28)ERROR: El proceso RT en modo Batch dio un error!!!!
(16-07-2025 06:00:28)ERROR: FALLO CONEXION AL CDSERVER--NO SE PUEDE CONTINUAR

(16-07-2025 06:00:28)ERROR: El proceso RT en modo Batch dio un error!!!!

(16-07-2025 06:00:28)ERROR: El proceso RT en modo Batch dio un error!!!!
(16-07-2025 09:00:29)ERROR: FALLO CONEXION AL CDSERVER--NO SE PUEDE CONTINUAR

(16-07-2025 09:00:29)ERROR: El proceso RT en modo Batch dio un error!!!!

(16-07-2025 09:00:29)ERROR: El proceso RT en modo Batch dio un error!!!!

<<< LOG DE ERRORES DEL PROCESO DE RECUPERACION DE CAIDAS EN VUEL0 (modo: BATCH) >>>
<< CORRESPONDIENTE AL DIA: 16-07-2025 >>
(16-07-2025 12:24:37)ERROR: FALLO CONEXION AL CDSERVER--NO SE PUEDE CONTINUAR

(16-07-2025 12:24:37)ERROR: El proceso RT en modo Batch dio un error!!!!

(16-07-2025 12:24:37)ERROR: El proceso RT en modo Batch dio un error!!!!

<<< LOG DE ERRORES DEL PROCESO DE RECUPERACION DE CAIDAS EN VUEL0 (modo: BATCH) >>>
<< CORRESPONDIENTE AL DIA: 16-07-2025 >>
(16-07-2025 15:31:09)ERROR: FALLO CONEXION AL CDSERVER--NO SE PUEDE CONTINUAR

(16-07-2025 15:31:09)ERROR: El proceso RT en modo Batch dio un error!!!!

(16-07-2025 15:31:09)ERROR: El proceso RT en modo Batch dio un error!!!!
(16-07-2025 16:11:35)ERROR: FALLO CONEXION AL CDSERVER--NO SE PUEDE CONTINUAR

(16-07-2025 16:11:35)ERROR: El proceso RT en modo Batch dio un error!!!!

(16-07-2025 16:11:35)ERROR: El proceso RT en modo Batch dio un error!!!!

<<< LOG DE ERRORES DEL PROCESO DE RECUPERACION DE CAIDAS EN VUEL0 (modo: BATCH) >>>
<< CORRESPONDIENTE AL DIA: 16-07-2025 >>

<<< LOG DE ERRORES DEL PROCESO DE RECUPERACION DE CAIDAS EN VUEL0 (modo: BATCH) >>>
<< CORRESPONDIENTE AL DIA: 16-07-2025 >>


Finaliza el proceso por Cierre de Día o Fecha no Correspondiente. Fecha: 16-07-2025 Hora: 23:00:53

<<< FIN LOG DE ERRORS DEL PROCESO DE RECUPERACION DE CAIDAS EN VUEL0 (modo: BATCH) >>>
<< DIA: 16-07-2025  HORA: 23:00:53 >>
#############################################################################
 
-= Fin: 16/07/2025 23:00:53 =-
 

<<< LOG DE ERRORES DEL PROCESO DE RECUPERACION DE CAIDAS EN VUEL0 (modo: BATCH) >>>
<< CORRESPONDIENTE AL DIA: 17-07-2025 >>

<<< LOG DE ERRORES DEL PROCESO DE RECUPERACION DE CAIDAS EN VUEL0 (modo: BATCH) >>>
<< CORRESPONDIENTE AL DIA: 17-07-2025 >>

<<< LOG DE ERRORES DEL PROCESO DE RECUPERACION DE CAIDAS EN VUEL0 (modo: BATCH) >>>
<< CORRESPONDIENTE AL DIA: 17-07-2025 >>

<<< LOG DE ERRORES DEL PROCESO DE RECUPERACION DE CAIDAS EN VUEL0 (modo: BATCH) >>>
<< CORRESPONDIENTE AL DIA: 17-07-2025 >>

<<< LOG DE ERRORES DEL PROCESO DE RECUPERACION DE CAIDAS EN VUEL0 (modo: BATCH) >>>
<< CORRESPONDIENTE AL DIA: 17-07-2025 >>

<<< LOG DE ERRORES DEL PROCESO DE RECUPERACION DE CAIDAS EN VUEL0 (modo: BATCH) >>>
<< CORRESPONDIENTE AL DIA: 17-07-2025 >>

<<< LOG DE ERRORES DEL PROCESO DE RECUPERACION DE CAIDAS EN VUEL0 (modo: BATCH) >>>
<< CORRESPONDIENTE AL DIA: 17-07-2025 >>

<<< LOG DE ERRORES DEL PROCESO DE RECUPERACION DE CAIDAS EN VUEL0 (modo: BATCH) >>>
<< CORRESPONDIENTE AL DIA: 17-07-2025 >>

<<< LOG DE ERRORES DEL PROCESO DE RECUPERACION DE CAIDAS EN VUEL0 (modo: BATCH) >>>
<< CORRESPONDIENTE AL DIA: 18-07-2025 >>

<<< LOG DE ERRORES DEL PROCESO DE RECUPERACION DE CAIDAS EN VUEL0 (modo: BATCH) >>>
<< CORRESPONDIENTE AL DIA: 18-07-2025 >>

<<< LOG DE ERRORES DEL PROCESO DE RECUPERACION DE CAIDAS EN VUEL0 (modo: BATCH) >>>
<< CORRESPONDIENTE AL DIA: 18-07-2025 >>

<<< LOG DE ERRORES DEL PROCESO DE RECUPERACION DE CAIDAS EN VUEL0 (modo: BATCH) >>>
<< CORRESPONDIENTE AL DIA: 18-07-2025 >>
